android/build/outputs/mapping/release/seeds.txt
com.eternalpixel.eternalpixeldungeon.android.AndroidLauncher
com.eternalpixel.eternalpixeldungeon.android.AndroidGame
com.eternalpixel.eternalpixeldungeon.android.AndroidPlatformSupport$1
com.eternalpixel.eternalpixeldungeon.android.AndroidPlatformSupport$2
com.eternalpixel.eternalpixeldungeon.android.AndroidPlatformSupport$4
com.eternalpixel.eternalpixeldungeon.android.AndroidBackupHandler
com.eternalpixel.eternalpixeldungeon.android.AndroidPlatformSupport
com.eternalpixel.eternalpixeldungeon.android.AndroidPlatformSupport$3
com.eternalpixel.eternalpixeldungeon.android.AndroidPlatformSupport: java.util.regex.Matcher KRMatcher
com.eternalpixel.eternalpixeldungeon.android.AndroidPlatformSupport: com.badlogic.gdx.graphics.g2d.freetype.FreeTypeFontGenerator basicFontGenerator
com.eternalpixel.eternalpixeldungeon.android.AndroidPlatformSupport: com.badlogic.gdx.graphics.g2d.freetype.FreeTypeFontGenerator KRFontGenerator
com.eternalpixel.eternalpixeldungeon.android.AndroidPlatformSupport: java.util.regex.Pattern regularsplitterMultiline
com.eternalpixel.eternalpixeldungeon.android.AndroidPlatformSupport: java.util.regex.Matcher JPMatcher
com.eternalpixel.eternalpixeldungeon.android.AndroidPlatformSupport$1: int val$finalH
com.eternalpixel.eternalpixeldungeon.android.AndroidPlatformSupport: java.util.regex.Pattern regularsplitter
com.eternalpixel.eternalpixeldungeon.android.AndroidPlatformSupport: java.util.regex.Pattern android6KRSplitter
com.eternalpixel.eternalpixeldungeon.android.AndroidPlatformSupport: boolean koreanAndroid6OTF
com.eternalpixel.eternalpixeldungeon.android.AndroidPlatformSupport$2: com.eternalpixel.eternalpixeldungeon.android.AndroidPlatformSupport this$0
com.eternalpixel.eternalpixeldungeon.android.AndroidGame: com.badlogic.gdx.backends.android.AndroidApplication instance
com.eternalpixel.eternalpixeldungeon.android.AndroidPlatformSupport$4: int[] $SwitchMap$com$eternalpixel$eternalpixeldungeon$messages$Languages
com.eternalpixel.eternalpixeldungeon.android.AndroidPlatformSupport: com.badlogic.gdx.graphics.g2d.freetype.FreeTypeFontGenerator SCFontGenerator
com.eternalpixel.eternalpixeldungeon.android.AndroidPlatformSupport: java.util.regex.Matcher SCMatcher
com.eternalpixel.eternalpixeldungeon.android.AndroidPlatformSupport: com.badlogic.gdx.graphics.g2d.freetype.FreeTypeFontGenerator JPFontGenerator
com.eternalpixel.eternalpixeldungeon.android.AndroidPlatformSupport$3: com.eternalpixel.eternalpixeldungeon.android.AndroidPlatformSupport this$0
com.eternalpixel.eternalpixeldungeon.android.AndroidPlatformSupport$1: com.eternalpixel.eternalpixeldungeon.android.AndroidPlatformSupport this$0
com.eternalpixel.eternalpixeldungeon.android.AndroidGame: com.eternalpixel.eternalpixeldungeon.android.AndroidPlatformSupport support
com.eternalpixel.eternalpixeldungeon.android.AndroidPlatformSupport$1: int val$finalW
com.eternalpixel.eternalpixeldungeon.android.AndroidPlatformSupport$1: android.opengl.GLSurfaceView val$view
com.eternalpixel.eternalpixeldungeon.android.AndroidPlatformSupport$2: android.opengl.GLSurfaceView val$view
com.eternalpixel.eternalpixeldungeon.android.AndroidPlatformSupport$3: AndroidPlatformSupport$3(com.eternalpixel.eternalpixeldungeon.android.AndroidPlatformSupport)
com.eternalpixel.eternalpixeldungeon.android.AndroidBackupHandler: void onRestore(android.app.backup.BackupDataInput,int,android.os.ParcelFileDescriptor)
com.eternalpixel.eternalpixeldungeon.android.AndroidBackupHandler: AndroidBackupHandler()
com.eternalpixel.eternalpixeldungeon.android.AndroidPlatformSupport$2: void run()
com.eternalpixel.eternalpixeldungeon.android.AndroidLauncher: AndroidLauncher()
com.eternalpixel.eternalpixeldungeon.android.AndroidPlatformSupport$1: void run()
com.eternalpixel.eternalpixeldungeon.android.AndroidBackupHandler: void onFullBackup(android.app.backup.FullBackupDataOutput)
com.eternalpixel.eternalpixeldungeon.android.AndroidGame: void onMultiWindowModeChanged(boolean)
...
com.watabou.noosa.ui.Component: float right()
com.eternalpixel.eternalpixeldungeon.actors.buffs.Vulnerable: float iconFadePercent()
com.eternalpixel.eternalpixeldungeon.items.scrolls.exotic.ScrollOfDivination: ScrollOfDivination()
com.eternalpixel.eternalpixeldungeon.actors.mobs.Monk: Monk()
com.eternalpixel.eternalpixeldungeon.actors.hero.HeroAction$Attack: HeroAction$Attack(com.eternalpixel.eternalpixeldungeon.actors.Char)
com.eternalpixel.eternalpixeldungeon.sprites.ItemSpriteSheet$Icons: void assignIconRect(int,int,int)
com.eternalpixel.eternalpixeldungeon.plants.Earthroot$Armor: int blocking()
com.eternalpixel.eternalpixeldungeon.levels.Level: int length()
com.watabou.noosa.BitmapText: float baseLine()
com.eternalpixel.eternalpixeldungeon.items.scrolls.exotic.ScrollOfChallenge$ChallengeArena: float iconFadePercent()
com.eternalpixel.eternalpixeldungeon.items.artifacts.HornOfPlenty$hornRecharge: void gainCharge(float)
com.eternalpixel.eternalpixeldungeon.actors.mobs.Necromancer: Necromancer()
com.eternalpixel.eternalpixeldungeon.items.bombs.Bomb: void restoreFromBundle(com.watabou.utils.Bundle)
com.eternalpixel.eternalpixeldungeon.windows.WndTradeItem$1: void onClick()
com.eternalpixel.eternalpixeldungeon.services.updates.GitHubUpdates$1: GitHubUpdates$1(com.eternalpixel.eternalpixeldungeon.services.updates.GitHubUpdates,boolean,com.eternalpixel.eternalpixeldungeon.services.updates.UpdateService$UpdateResultCallback)
com.eternalpixel.eternalpixeldungeon.effects.Pushing: com.eternalpixel.eternalpixeldungeon.sprites.CharSprite access$100(com.eternalpixel.eternalpixeldungeon.effects.Pushing)
com.eternalpixel.eternalpixeldungeon.actors.mobs.DM100: int damageRoll()
com.eternalpixel.eternalpixeldungeon.effects.particles.WebParticle: void update()
com.eternalpixel.eternalpixeldungeon.EternalPixelDungeon: void updateDisplaySize()
com.eternalpixel.eternalpixeldungeon.levels.TownLevel: void placeNPC()
com.eternalpixel.eternalpixeldungeon.actors.buffs.ArtifactRecharge: int icon()
com.eternalpixel.eternalpixeldungeon.Dungeon$LimitedDrops: boolean dropped()
com.eternalpixel.eternalpixeldungeon.levels.HallsBossLevel$CenterPieceVisuals: HallsBossLevel$CenterPieceVisuals()
com.eternalpixel.eternalpixeldungeon.items.potions.Potion: int energyVal()
com.watabou.noosa.BitmapText$Font: com.watabou.noosa.BitmapText$Font colorMarked(com.watabou.gltextures.SmartTexture,int,java.lang.String)
com.eternalpixel.eternalpixeldungeon.items.weapon.missiles.MissileWeapon: com.eternalpixel.eternalpixeldungeon.items.Item random()
com.eternalpixel.eternalpixeldungeon.items.artifacts.DriedRose: void execute(com.eternalpixel.eternalpixeldungeon.actors.hero.Hero,java.lang.String)
com.eternalpixel.eternalpixeldungeon.items.spells.TargetedSpell: TargetedSpell()
com.eternalpixel.eternalpixeldungeon.actors.buffs.Combo: java.lang.String toString()
com.eternalpixel.eternalpixeldungeon.ui.Toolbar: void createChildren()
com.eternalpixel.eternalpixeldungeon.levels.CavesBossLevel$PylonEnergy: void evolve()
com.eternalpixel.eternalpixeldungeon.windows.WndSettings$DisplayTab$6: WndSettings$DisplayTab$6(com.eternalpixel.eternalpixeldungeon.windows.WndSettings$DisplayTab,java.lang.String,java.lang.String,java.lang.String,int,int)
com.eternalpixel.eternalpixeldungeon.actors.mobs.npcs.Imp$Quest: boolean access$202(boolean)
com.eternalpixel.eternalpixeldungeon.items.scrolls.ScrollOfRage: ScrollOfRage()
com.watabou.noosa.SkinnedBlock: float offsetY()
com.eternalpixel.eternalpixeldungeon.levels.rooms.standard.EntranceRoom: void paint(com.eternalpixel.eternalpixeldungeon.levels.Level)
com.eternalpixel.eternalpixeldungeon.items.armor.glyphs.Viscosity$DeferedDamage: void storeInBundle(com.watabou.utils.Bundle)
com.eternalpixel.eternalpixeldungeon.items.potions.AlchemicalCatalyst$Recipe: boolean testIngredients(java.util.ArrayList)
com.eternalpixel.eternalpixeldungeon.items.scrolls.exotic.ScrollOfSirensSong: void doRead()