android/build/outputs/mapping/release/mapping.txt
# compiler: R8
# compiler_version: 3.0.76
# min_api: 14
# pg_map_id: 9a92c20
# common_typos_disable
com.eternalpixel.eternalpixeldungeon.android.AndroidBackupHandler -> com.eternalpixel.eternalpixeldungeon.android.AndroidBackupHandler:
    1:1:void <init>():38:38 -> <init>
    1:2:java.io.File getFile(java.io.File,java.lang.String):71:72 -> getFile
    1:1:void onFullBackup(android.app.backup.FullBackupDataOutput):53:53 -> onFullBackup
    2:2:void onFullBackup(android.app.backup.FullBackupDataOutput):56:56 -> onFullBackup
    3:3:void onFullBackup(android.app.backup.FullBackupDataOutput):58:58 -> onFullBackup
    4:4:void onFullBackup(android.app.backup.FullBackupDataOutput):60:60 -> onFullBackup
    5:5:void onFullBackup(android.app.backup.FullBackupDataOutput):62:62 -> onFullBackup
    6:6:void onFullBackup(android.app.backup.FullBackupDataOutput):64:64 -> onFullBackup
    7:7:void onFullBackup(android.app.backup.FullBackupDataOutput):66:66 -> onFullBackup
com.eternalpixel.eternalpixeldungeon.android.AndroidGame -> com.eternalpixel.eternalpixeldungeon.android.AndroidGame:
    1:1:void <init>():46:46 -> <init>
    1:1:com.badlogic.gdx.backends.android.AndroidAudio createAudio(android.content.Context,com.badlogic.gdx.backends.android.AndroidApplicationConfiguration):123:123 -> createAudio
    1:1:void onCreate(android.os.Bundle):54:54 -> onCreate
    2:2:void onCreate(android.os.Bundle):57:57 -> onCreate
    3:3:void onCreate(android.os.Bundle):59:59 -> onCreate
    4:4:void onCreate(android.os.Bundle):62:62 -> onCreate
    5:5:void onCreate(android.os.Bundle):64:64 -> onCreate
    6:6:void onCreate(android.os.Bundle):67:67 -> onCreate
    7:7:void onCreate(android.os.Bundle):69:69 -> onCreate
    8:9:void onCreate(android.os.Bundle):72:73 -> onCreate
    10:11:void onCreate(android.os.Bundle):75:76 -> onCreate
    12:12:void onCreate(android.os.Bundle):79:79 -> onCreate
    13:13:void onCreate(android.os.Bundle):85:85 -> onCreate
    14:14:void onCreate(android.os.Bundle):88:88 -> onCreate
    15:16:void onCreate(android.os.Bundle):92:93 -> onCreate
    17:19:void onCreate(android.os.Bundle):98:100 -> onCreate
    20:22:void onCreate(android.os.Bundle):102:104 -> onCreate
    23:24:void onCreate(android.os.Bundle):107:108 -> onCreate
    25:26:void onCreate(android.os.Bundle):110:111 -> onCreate
    27:27:void onCreate(android.os.Bundle):113:113 -> onCreate
    28:28:void onCreate(android.os.Bundle):115:115 -> onCreate
com.eternalpixel.eternalpixeldungeon.android.AndroidLauncher -> com.eternalpixel.eternalpixeldungeon.android.AndroidLauncher:
    1:1:void <init>():35:35 -> <init>
    1:1:void onCreate(android.os.Bundle):40:40 -> onCreate
    2:3:void onCreate(android.os.Bundle):43:44 -> onCreate
    4:6:void onCreate(android.os.Bundle):46:48 -> onCreate
    7:8:void onCreate(android.os.Bundle):50:51 -> onCreate
    9:9:void onCreate(android.os.Bundle):54:54 -> onCreate
    10:10:void onCreate(android.os.Bundle):51:51 -> onCreate
    11:16:void onCreate(android.os.Bundle):55:60 -> onCreate
...
com.eternalpixel.eternalpixeldungeon.items.potions.Potion$3 -> com.eternalpixel.eternalpixeldungeon.items.potions.Potion$3:
    1:1:void <init>(com.eternalpixel.eternalpixeldungeon.items.potions.Potion,com.watabou.noosa.Image,java.lang.String,java.lang.String,java.lang.String[],com.eternalpixel.eternalpixeldungeon.actors.hero.Hero):270:270 -> <init>
    1:1:void onSelect(int):274:274 -> onSelect
com.eternalpixel.eternalpixeldungeon.items.potions.Potion$PlaceHolder -> com.eternalpixel.eternalpixeldungeon.items.potions.Potion$PlaceHolder:
    1:1:void <init>():426:426 -> <init>
    2:2:void <init>():429:429 -> <init>
    1:2:boolean isSimilar(com.eternalpixel.eternalpixeldungeon.items.Item):434:435 -> isSimilar
com.eternalpixel.eternalpixeldungeon.items.potions.Potion$SeedToPotion -> com.eternalpixel.eternalpixeldungeon.items.potions.Potion$SeedToPotion:
    1:1:void <clinit>():446:446 -> <clinit>
    2:13:void <clinit>():448:459 -> <clinit>
    1:1:void <init>():444:444 -> <init>
    1:1:com.eternalpixel.eternalpixeldungeon.items.Item brew(java.util.ArrayList):485:485 -> brew
    2:3:com.eternalpixel.eternalpixeldungeon.items.Item brew(java.util.ArrayList):487:488 -> brew
    4:7:com.eternalpixel.eternalpixeldungeon.items.Item brew(java.util.ArrayList):491:494 -> brew
    8:9:com.eternalpixel.eternalpixeldungeon.items.Item brew(java.util.ArrayList):500:501 -> brew
    10:10:com.eternalpixel.eternalpixeldungeon.items.Item brew(java.util.ArrayList):503:503 -> brew
    11:11:com.eternalpixel.eternalpixeldungeon.items.Item brew(java.util.ArrayList):506:506 -> brew
    12:13:com.eternalpixel.eternalpixeldungeon.items.Item brew(java.util.ArrayList):510:511 -> brew
    14:16:com.eternalpixel.eternalpixeldungeon.items.Item brew(java.util.ArrayList):514:516 -> brew
    17:17:com.eternalpixel.eternalpixeldungeon.items.Item brew(java.util.ArrayList):518:518 -> brew
    18:18:com.eternalpixel.eternalpixeldungeon.items.Item brew(java.util.ArrayList):522:522 -> brew
    1:1:com.eternalpixel.eternalpixeldungeon.items.Item sampleOutput(java.util.ArrayList):530:530 -> sampleOutput
    1:1:boolean testIngredients(java.util.ArrayList):464:464 -> testIngredients
com.eternalpixel.eternalpixeldungeon.items.potions.Potion$SeedToPotion$1 -> com.eternalpixel.eternalpixeldungeon.items.potions.Potion$SeedToPotion$1:
    1:1:void <init>(com.eternalpixel.eternalpixeldungeon.items.potions.Potion$SeedToPotion,int):530:530 -> <init>
    1:1:java.lang.String name():534:534 -> name
com.eternalpixel.eternalpixeldungeon.items.potions.PotionOfExperience -> com.eternalpixel.eternalpixeldungeon.items.potions.PotionOfExperience:
    1:1:void <init>():27:27 -> <init>
    2:2:void <init>():30:30 -> <init>
    3:3:void <init>():32:32 -> <init>
    1:2:void apply(com.eternalpixel.eternalpixeldungeon.actors.hero.Hero):37:38 -> apply
    1:1:int energyVal():48:48 -> energyVal
    1:1:int value():43:43 -> value
com.eternalpixel.eternalpixeldungeon.items.potions.PotionOfFrost -> com.eternalpixel.eternalpixeldungeon.items.potions.PotionOfFrost:
    1:1:void <init>():33:33 -> <init>
    2:2:void <init>():36:36 -> <init>
    1:2:void shatter(int):42:43 -> shatter
    3:4:void shatter(int):45:46 -> shatter
    5:6:void shatter(int):49:50 -> shatter
    7:7:void shatter(int):52:52 -> shatter
    1:1:int value():61:61 -> value
com.eternalpixel.eternalpixeldungeon.items.potions.PotionOfHaste -> com.eternalpixel.eternalpixeldungeon.items.potions.PotionOfHaste:
    1:1:void <init>():31:31 -> <init>
    2:2:void <init>():34:34 -> <init>
    1:1:void apply(com.eternalpixel.eternalpixeldungeon.actors.hero.Hero):39:39 -> apply
    2:3:void apply(com.eternalpixel.eternalpixeldungeon.actors.hero.Hero):41:42 -> apply
    1:1:int value():47:47 -> value