android/build/outputs/mapping/release/usage.txt
com.eternalpixel.eternalpixeldungeon.android.BuildConfig
com.eternalpixel.eternalpixeldungeon.android.R$mipmap
com.eternalpixel.eternalpixeldungeon.android.R
...
com.badlogic.gdx.graphics.GL30
com.badlogic.gdx.graphics.GLTexture:
    public static void <clinit>()
    public void delete()
    public int getMagFilter$enumunboxing$()
    public static float getMaxAnisotropicFilterLevel()
    public int getMinFilter$enumunboxing$()
    public int getTextureObjectHandle()
    public int getUWrap$enumunboxing$()
    public int getVWrap$enumunboxing$()
    public void setWrap$enumunboxing$(int,int)
    public static void uploadImageData(int,com.badlogic.gdx.graphics.TextureData)
    public static void uploadImageData(int,com.badlogic.gdx.graphics.TextureData,int)
com.badlogic.gdx.graphics.Mesh:
    public final com.badlogic.gdx.graphics.glutils.IndexData indices
    public final com.badlogic.gdx.graphics.glutils.VertexData vertices
    public static void clearAllMeshes(com.badlogic.gdx.Application)
    public static java.lang.String getManagedStatus()
    public static void invalidateAllMeshes(com.badlogic.gdx.Application)
com.badlogic.gdx.graphics.Pixmap$Blending
com.badlogic.gdx.graphics.Pixmap$Filter
com.badlogic.gdx.graphics.Pixmap$Format:
    public static int toGdx2DPixmapFormat(com.badlogic.gdx.graphics.Pixmap$Format)
com.badlogic.gdx.graphics.Pixmap:
    public int blending
    public int filter
    public void drawPixel(int,int,int)
    public void fillCircle(int,int,int)
    public int getHeight()
    public int getWidth()
    public void setColor(float,float,float,float)
    public void setColor(int)
    public void setColor(com.badlogic.gdx.graphics.Color)
com.badlogic.gdx.graphics.PixmapIO$CIM:
    public static final byte[] writeBuffer
    public static com.badlogic.gdx.graphics.Pixmap read(com.badlogic.gdx.files.FileHandle)
com.badlogic.gdx.graphics.Texture$1
com.badlogic.gdx.graphics.Texture$TextureFilter
com.badlogic.gdx.graphics.Texture$TextureWrap
com.badlogic.gdx.graphics.Texture:
    public static com.badlogic.gdx.assets.AssetManager assetManager
    public void <init>(int,int,com.badlogic.gdx.graphics.TextureData)
    public void <init>(com.badlogic.gdx.files.FileHandle,com.badlogic.gdx.graphics.Pixmap$Format,boolean)
    public static void addManagedTexture(com.badlogic.gdx.Application,com.badlogic.gdx.graphics.Texture)
    public static void clearAllTextures(com.badlogic.gdx.Application)
    public static java.lang.String getManagedStatus()
    public com.badlogic.gdx.graphics.TextureData getTextureData()
    public static void invalidateAllTextures(com.badlogic.gdx.Application)
    public boolean isManaged()
com.badlogic.gdx.graphics.TextureArray:
    public static void clearAllTextureArrays(com.badlogic.gdx.Application)
    public static void invalidateAllTextureArrays(com.badlogic.gdx.Application)
    public boolean isManaged()
    public final void load(com.badlogic.gdx.graphics.TextureArrayData)
    public void reload()
com.badlogic.gdx.graphics.TextureArrayData:
    public abstract void consumeTextureArrayData()
    public abstract boolean isPrepared()
    public abstract void prepare()
com.badlogic.gdx.graphics.TextureData$Factory
com.badlogic.gdx.graphics.TextureData$TextureDataType
com.badlogic.gdx.graphics.g2d.BitmapFont$BitmapFontData:
    public float blankLineScale
    public char[] breakChars
    public boolean markupEnabled
    public float scaleX
    public float scaleY
    public int getWrapIndex(com.badlogic.gdx.utils.Array,int)
    public boolean isBreakChar(char)
com.badlogic.gdx.graphics.g2d.BitmapFont$Glyph:
    public boolean fixedWidth
    public int getKerning(char)